<?xml version="1.0" encoding="UTF-8"?>
<testsuite name="com.kwangmin.book.springboot.domain.posts.PostsRepositoryTest" tests="2" skipped="0" failures="0" errors="0" timestamp="2020-12-03T18:13:53" hostname="gimgwangmin-ui-MacBookPro.local" time="0.023">
  <properties/>
  <testcase name="게시글저장_불러오기" classname="com.kwangmin.book.springboot.domain.posts.PostsRepositoryTest" time="0.014"/>
  <testcase name="BaseTimeEntity_등록" classname="com.kwangmin.book.springboot.domain.posts.PostsRepositoryTest" time="0.009"/>
  <system-out><![CDATA[2020-12-04 03:13:47.211  INFO 8773 --- [    Test worker] .b.t.c.SpringBootTestContextBootstrapper : Neither @ContextConfiguration nor @ContextHierarchy found for test class [com.kwangmin.book.springboot.domain.posts.PostsRepositoryTest], using SpringBootContextLoader
2020-12-04 03:13:47.212  INFO 8773 --- [    Test worker] o.s.t.c.support.AbstractContextLoader    : Could not detect default resource locations for test class [com.kwangmin.book.springboot.domain.posts.PostsRepositoryTest]: no resource found for suffixes {-context.xml, Context.groovy}.
2020-12-04 03:13:47.212  INFO 8773 --- [    Test worker] t.c.s.AnnotationConfigContextLoaderUtils : Could not detect default configuration classes for test class [com.kwangmin.book.springboot.domain.posts.PostsRepositoryTest]: PostsRepositoryTest does not declare any static, non-private, non-final, nested classes annotated with @Configuration.
2020-12-04 03:13:47.219  INFO 8773 --- [    Test worker] .b.t.c.SpringBootTestContextBootstrapper : Found @SpringBootConfiguration com.kwangmin.book.springboot.Application for test class com.kwangmin.book.springboot.domain.posts.PostsRepositoryTest
2020-12-04 03:13:47.220  INFO 8773 --- [    Test worker] .b.t.c.SpringBootTestContextBootstrapper : Loaded default TestExecutionListener class names from location [META-INF/spring.factories]: [org.springframework.security.test.context.support.WithSecurityContextTestExecutionListener, org.springframework.security.test.context.support.ReactorContextTestExecutionListener, org.springframework.boot.test.autoconfigure.restdocs.RestDocsTestExecutionListener, org.springframework.boot.test.autoconfigure.web.client.MockRestServiceServerResetTestExecutionListener, org.springframework.boot.test.autoconfigure.web.servlet.MockMvcPrintOnlyOnFailureTestExecutionListener, org.springframework.boot.test.autoconfigure.web.servlet.WebDriverTestExecutionListener, org.springframework.boot.test.mock.mockito.MockitoTestExecutionListener, org.springframework.boot.test.mock.mockito.ResetMocksTestExecutionListener, org.springframework.test.context.web.ServletTestExecutionListener, org.springframework.test.context.support.DirtiesContextBeforeModesTestExecutionListener, org.springframework.test.context.support.DependencyInjectionTestExecutionListener, org.springframework.test.context.support.DirtiesContextTestExecutionListener, org.springframework.test.context.transaction.TransactionalTestExecutionListener, org.springframework.test.context.jdbc.SqlScriptsTestExecutionListener]
2020-12-04 03:13:47.220  INFO 8773 --- [    Test worker] .b.t.c.SpringBootTestContextBootstrapper : Using TestExecutionListeners: [org.springframework.test.context.web.ServletTestExecutionListener@3712afb5, org.springframework.test.context.support.DirtiesContextBeforeModesTestExecutionListener@2765544d, org.springframework.boot.test.mock.mockito.MockitoTestExecutionListener@6dbcc83c, org.springframework.boot.test.autoconfigure.SpringBootDependencyInjectionTestExecutionListener@80de22e, org.springframework.test.context.support.DirtiesContextTestExecutionListener@2a408b9d, org.springframework.test.context.transaction.TransactionalTestExecutionListener@270a75a4, org.springframework.test.context.jdbc.SqlScriptsTestExecutionListener@2c7cb451, org.springframework.security.test.context.support.WithSecurityContextTestExecutionListener@4b073f62, org.springframework.security.test.context.support.ReactorContextTestExecutionListener@653549fc, org.springframework.boot.test.autoconfigure.restdocs.RestDocsTestExecutionListener@1166b7ab, org.springframework.boot.test.autoconfigure.web.client.MockRestServiceServerResetTestExecutionListener@587147ea, org.springframework.boot.test.autoconfigure.web.servlet.MockMvcPrintOnlyOnFailureTestExecutionListener@2aff9fa9, org.springframework.boot.test.autoconfigure.web.servlet.WebDriverTestExecutionListener@654a49a3, org.springframework.boot.test.mock.mockito.ResetMocksTestExecutionListener@4135614e]

  .   ____          _            __ _ _
 /\\ / ___'_ __ _ _(_)_ __  __ _ \ \ \ \
( ( )\___ | '_ | '_| | '_ \/ _` | \ \ \ \
 \\/  ___)| |_)| | | | | || (_| |  ) ) ) )
  '  |____| .__|_| |_|_| |_\__, | / / / /
 =========|_|==============|___/=/_/_/_/
 :: Spring Boot ::        (v2.1.7.RELEASE)

2020-12-04 03:13:52.234  INFO 8773 --- [    Test worker] c.k.b.s.d.posts.PostsRepositoryTest      : Starting PostsRepositoryTest on gimgwangmin-ui-MacBookPro.local with PID 8773 (started by kwangmin in /Users/kwangmin/IdeaProjects/springboot-webservice)
2020-12-04 03:13:52.235  INFO 8773 --- [    Test worker] c.k.b.s.d.posts.PostsRepositoryTest      : No active profile set, falling back to default profiles: default
2020-12-04 03:13:52.338  INFO 8773 --- [    Test worker] .s.d.r.c.RepositoryConfigurationDelegate : Bootstrapping Spring Data repositories in DEFAULT mode.
2020-12-04 03:13:52.348  INFO 8773 --- [    Test worker] .s.d.r.c.RepositoryConfigurationDelegate : Finished Spring Data repository scanning in 9ms. Found 2 repository interfaces.
2020-12-04 03:13:52.404  INFO 8773 --- [    Test worker] trationDelegate$BeanPostProcessorChecker : Bean 'org.springframework.transaction.annotation.ProxyTransactionManagementConfiguration' of type [org.springframework.transaction.annotation.ProxyTransactionManagementConfiguration$$EnhancerBySpringCGLIB$$f1899b1f] is not eligible for getting processed by all BeanPostProcessors (for example: not eligible for auto-proxying)
2020-12-04 03:13:52.451  INFO 8773 --- [    Test worker] com.zaxxer.hikari.HikariDataSource       : HikariPool-2 - Starting...
2020-12-04 03:13:52.452  INFO 8773 --- [    Test worker] com.zaxxer.hikari.HikariDataSource       : HikariPool-2 - Start completed.
2020-12-04 03:13:52.464  INFO 8773 --- [    Test worker] o.hibernate.jpa.internal.util.LogHelper  : HHH000204: Processing PersistenceUnitInfo [
	name: default
	...]
2020-12-04 03:13:52.467  INFO 8773 --- [    Test worker] org.hibernate.dialect.Dialect            : HHH000400: Using dialect: org.hibernate.dialect.MySQL5InnoDBDialect
Hibernate: drop table if exists posts
Hibernate: drop table if exists user
Hibernate: create table posts (id bigint not null auto_increment, created_date datetime, modified_date datetime, author varchar(255), content TEXT not null, title varchar(500) not null, primary key (id)) engine=InnoDB
Hibernate: create table user (id bigint not null auto_increment, created_date datetime, modified_date datetime, email varchar(255) not null, name varchar(255) not null, picture varchar(255), role varchar(255) not null, primary key (id)) engine=InnoDB
2020-12-04 03:13:52.497  INFO 8773 --- [    Test worker] o.h.t.schema.internal.SchemaCreatorImpl  : HHH000476: Executing import script 'org.hibernate.tool.schema.internal.exec.ScriptSourceInputNonExistentImpl@613508b1'
2020-12-04 03:13:52.497  INFO 8773 --- [    Test worker] j.LocalContainerEntityManagerFactoryBean : Initialized JPA EntityManagerFactory for persistence unit 'default'
2020-12-04 03:13:52.605  INFO 8773 --- [    Test worker] o.h.h.i.QueryTranslatorFactoryInitiator  : HHH000397: Using ASTQueryTranslatorFactory
2020-12-04 03:13:52.688  INFO 8773 --- [    Test worker] o.s.s.web.DefaultSecurityFilterChain     : Creating filter chain: any request, [org.springframework.security.web.context.request.async.WebAsyncManagerIntegrationFilter@651c04d, org.springframework.security.web.context.SecurityContextPersistenceFilter@5ad15460, org.springframework.security.web.header.HeaderWriterFilter@1fe156ea, org.springframework.security.web.authentication.logout.LogoutFilter@69fca38f, org.springframework.security.oauth2.client.web.OAuth2AuthorizationRequestRedirectFilter@28ce80d2, org.springframework.security.oauth2.client.web.OAuth2LoginAuthenticationFilter@3d9c138f, org.springframework.security.web.authentication.ui.DefaultLoginPageGeneratingFilter@39de8280, org.springframework.security.web.authentication.ui.DefaultLogoutPageGeneratingFilter@77640a2, org.springframework.security.web.savedrequest.RequestCacheAwareFilter@1b053f2d, org.springframework.security.web.servletapi.SecurityContextHolderAwareRequestFilter@ec67ca1, org.springframework.security.web.authentication.AnonymousAuthenticationFilter@5b62888e, org.springframework.security.web.session.SessionManagementFilter@43ee9829, org.springframework.security.web.access.ExceptionTranslationFilter@123a75f2, org.springframework.security.web.access.intercept.FilterSecurityInterceptor@30563e03]
2020-12-04 03:13:52.845  INFO 8773 --- [    Test worker] o.s.s.concurrent.ThreadPoolTaskExecutor  : Initializing ExecutorService 'applicationTaskExecutor'
2020-12-04 03:13:52.853  WARN 8773 --- [    Test worker] aWebConfiguration$JpaWebMvcConfiguration : spring.jpa.open-in-view is enabled by default. Therefore, database queries may be performed during view rendering. Explicitly configure spring.jpa.open-in-view to disable this warning
2020-12-04 03:13:52.869  INFO 8773 --- [    Test worker] o.s.b.a.w.s.WelcomePageHandlerMapping    : Adding welcome page template: index
2020-12-04 03:13:53.057  INFO 8773 --- [    Test worker] s.a.ScheduledAnnotationBeanPostProcessor : No TaskScheduler/ScheduledExecutorService bean found for scheduled processing
2020-12-04 03:13:53.058  INFO 8773 --- [    Test worker] c.k.b.s.d.posts.PostsRepositoryTest      : Started PostsRepositoryTest in 5.836 seconds (JVM running for 17.167)
Hibernate: insert into posts (created_date, modified_date, author, content, title) values (?, ?, ?, ?, ?)
Hibernate: select posts0_.id as id1_0_, posts0_.created_date as created_2_0_, posts0_.modified_date as modified3_0_, posts0_.author as author4_0_, posts0_.content as content5_0_, posts0_.title as title6_0_ from posts posts0_
Hibernate: select posts0_.id as id1_0_, posts0_.created_date as created_2_0_, posts0_.modified_date as modified3_0_, posts0_.author as author4_0_, posts0_.content as content5_0_, posts0_.title as title6_0_ from posts posts0_
Hibernate: delete from posts where id=?
Hibernate: insert into posts (created_date, modified_date, author, content, title) values (?, ?, ?, ?, ?)
Hibernate: select posts0_.id as id1_0_, posts0_.created_date as created_2_0_, posts0_.modified_date as modified3_0_, posts0_.author as author4_0_, posts0_.content as content5_0_, posts0_.title as title6_0_ from posts posts0_
2020-12-04 03:13:53.081  INFO 8773 --- [    Test worker] c.k.b.s.d.posts.PostsRepositoryTest      : >>>>>> createDate 2020-12-04T03:13:53.077778
2020-12-04 03:13:53.081  INFO 8773 --- [    Test worker] c.k.b.s.d.posts.PostsRepositoryTest      : >>>>>> modifiedDate= 2020-12-04T03:13:53.077778
Hibernate: select posts0_.id as id1_0_, posts0_.created_date as created_2_0_, posts0_.modified_date as modified3_0_, posts0_.author as author4_0_, posts0_.content as content5_0_, posts0_.title as title6_0_ from posts posts0_
Hibernate: delete from posts where id=?
]]></system-out>
  <system-err><![CDATA[]]></system-err>
</testsuite>
