<?xml version="1.0" encoding="UTF-8"?>
<testsuite name="com.kwangmin.book.springboot.web.dto.HelloResponseDtoTest" tests="1" skipped="0" failures="0" errors="0" timestamp="2020-12-03T18:13:36" hostname="gimgwangmin-ui-MacBookPro.local" time="0.041">
  <properties/>
  <testcase name="롬복_기능_테스트" classname="com.kwangmin.book.springboot.web.dto.HelloResponseDtoTest" time="0.041"/>
  <system-out><![CDATA[]]></system-out>
  <system-err><![CDATA[]]></system-err>
</testsuite>
