<?xml version="1.0" encoding="UTF-8"?>
<testsuite name="com.kwangmin.book.springboot.web.HelloControllerTest" tests="2" skipped="0" failures="0" errors="0" timestamp="2020-12-03T18:13:43" hostname="gimgwangmin-ui-MacBookPro.local" time="0.366">
  <properties/>
  <testcase name="hello가_리턴된다" classname="com.kwangmin.book.springboot.web.HelloControllerTest" time="0.308"/>
  <testcase name="helloDto가_리턴된다" classname="com.kwangmin.book.springboot.web.HelloControllerTest" time="0.057"/>
  <system-out><![CDATA[03:13:36.421 [Test worker] DEBUG org.springframework.test.context.junit4.SpringJUnit4ClassRunner - SpringJUnit4ClassRunner constructor called with [class com.kwangmin.book.springboot.web.HelloControllerTest]
03:13:36.427 [Test worker] DEBUG org.springframework.test.context.BootstrapUtils - Instantiating CacheAwareContextLoaderDelegate from class [org.springframework.test.context.cache.DefaultCacheAwareContextLoaderDelegate]
03:13:36.434 [Test worker] DEBUG org.springframework.test.context.BootstrapUtils - Instantiating BootstrapContext using constructor [public org.springframework.test.context.support.DefaultBootstrapContext(java.lang.Class,org.springframework.test.context.CacheAwareContextLoaderDelegate)]
03:13:36.452 [Test worker] DEBUG org.springframework.test.context.BootstrapUtils - Instantiating TestContextBootstrapper for test class [com.kwangmin.book.springboot.web.HelloControllerTest] from class [org.springframework.boot.test.autoconfigure.web.servlet.WebMvcTestContextBootstrapper]
03:13:36.466 [Test worker] INFO org.springframework.boot.test.autoconfigure.web.servlet.WebMvcTestContextBootstrapper - Neither @ContextConfiguration nor @ContextHierarchy found for test class [com.kwangmin.book.springboot.web.HelloControllerTest], using SpringBootContextLoader
03:13:36.469 [Test worker] DEBUG org.springframework.test.context.support.AbstractContextLoader - Did not detect default resource location for test class [com.kwangmin.book.springboot.web.HelloControllerTest]: class path resource [com/kwangmin/book/springboot/web/HelloControllerTest-context.xml] does not exist
03:13:36.470 [Test worker] DEBUG org.springframework.test.context.support.AbstractContextLoader - Did not detect default resource location for test class [com.kwangmin.book.springboot.web.HelloControllerTest]: class path resource [com/kwangmin/book/springboot/web/HelloControllerTestContext.groovy] does not exist
03:13:36.470 [Test worker] INFO org.springframework.test.context.support.AbstractContextLoader - Could not detect default resource locations for test class [com.kwangmin.book.springboot.web.HelloControllerTest]: no resource found for suffixes {-context.xml, Context.groovy}.
03:13:36.470 [Test worker] INFO org.springframework.test.context.support.AnnotationConfigContextLoaderUtils - Could not detect default configuration classes for test class [com.kwangmin.book.springboot.web.HelloControllerTest]: HelloControllerTest does not declare any static, non-private, non-final, nested classes annotated with @Configuration.
03:13:36.528 [Test worker] DEBUG org.springframework.test.context.support.ActiveProfilesUtils - Could not find an 'annotation declaring class' for annotation type [org.springframework.test.context.ActiveProfiles] and class [com.kwangmin.book.springboot.web.HelloControllerTest]
03:13:36.595 [Test worker] DEBUG org.springframework.context.annotation.ClassPathScanningCandidateComponentProvider - Identified candidate component class: file [/Users/kwangmin/IdeaProjects/springboot-webservice/build/classes/java/main/com/kwangmin/book/springboot/Application.class]
03:13:36.596 [Test worker] INFO org.springframework.boot.test.context.SpringBootTestContextBootstrapper - Found @SpringBootConfiguration com.kwangmin.book.springboot.Application for test class com.kwangmin.book.springboot.web.HelloControllerTest
03:13:36.598 [Test worker] DEBUG org.springframework.boot.test.autoconfigure.web.servlet.WebMvcTestContextBootstrapper - @TestExecutionListeners is not present for class [com.kwangmin.book.springboot.web.HelloControllerTest]: using defaults.
03:13:36.599 [Test worker] INFO org.springframework.boot.test.autoconfigure.web.servlet.WebMvcTestContextBootstrapper - Loaded default TestExecutionListener class names from location [META-INF/spring.factories]: [org.springframework.security.test.context.support.WithSecurityContextTestExecutionListener, org.springframework.security.test.context.support.ReactorContextTestExecutionListener, org.springframework.boot.test.autoconfigure.restdocs.RestDocsTestExecutionListener, org.springframework.boot.test.autoconfigure.web.client.MockRestServiceServerResetTestExecutionListener, org.springframework.boot.test.autoconfigure.web.servlet.MockMvcPrintOnlyOnFailureTestExecutionListener, org.springframework.boot.test.autoconfigure.web.servlet.WebDriverTestExecutionListener, org.springframework.boot.test.mock.mockito.MockitoTestExecutionListener, org.springframework.boot.test.mock.mockito.ResetMocksTestExecutionListener, org.springframework.test.context.web.ServletTestExecutionListener, org.springframework.test.context.support.DirtiesContextBeforeModesTestExecutionListener, org.springframework.test.context.support.DependencyInjectionTestExecutionListener, org.springframework.test.context.support.DirtiesContextTestExecutionListener, org.springframework.test.context.transaction.TransactionalTestExecutionListener, org.springframework.test.context.jdbc.SqlScriptsTestExecutionListener]
03:13:36.616 [Test worker] INFO org.springframework.boot.test.autoconfigure.web.servlet.WebMvcTestContextBootstrapper - Using TestExecutionListeners: [org.springframework.test.context.web.ServletTestExecutionListener@14c6a594, org.springframework.test.context.support.DirtiesContextBeforeModesTestExecutionListener@69f8ab2a, org.springframework.boot.test.mock.mockito.MockitoTestExecutionListener@3ca55094, org.springframework.boot.test.autoconfigure.SpringBootDependencyInjectionTestExecutionListener@7a60d7d8, org.springframework.test.context.support.DirtiesContextTestExecutionListener@5b2b3705, org.springframework.test.context.transaction.TransactionalTestExecutionListener@772676b1, org.springframework.test.context.jdbc.SqlScriptsTestExecutionListener@6111a931, org.springframework.security.test.context.support.WithSecurityContextTestExecutionListener@1db36cdc, org.springframework.security.test.context.support.ReactorContextTestExecutionListener@1fa2e370, org.springframework.boot.test.autoconfigure.restdocs.RestDocsTestExecutionListener@5b759dcb, org.springframework.boot.test.autoconfigure.web.client.MockRestServiceServerResetTestExecutionListener@37c1ffb5, org.springframework.boot.test.autoconfigure.web.servlet.MockMvcPrintOnlyOnFailureTestExecutionListener@3192a01d, org.springframework.boot.test.autoconfigure.web.servlet.WebDriverTestExecutionListener@39a36c3c, org.springframework.boot.test.mock.mockito.ResetMocksTestExecutionListener@4e4f3506]
03:13:36.618 [Test worker] DEBUG org.springframework.test.annotation.ProfileValueUtils - Retrieved @ProfileValueSourceConfiguration [null] for test class [com.kwangmin.book.springboot.web.HelloControllerTest]
03:13:36.618 [Test worker] DEBUG org.springframework.test.annotation.ProfileValueUtils - Retrieved ProfileValueSource type [class org.springframework.test.annotation.SystemProfileValueSource] for class [com.kwangmin.book.springboot.web.HelloControllerTest]
03:13:36.618 [Test worker] DEBUG org.springframework.test.annotation.ProfileValueUtils - Retrieved @ProfileValueSourceConfiguration [null] for test class [com.kwangmin.book.springboot.web.HelloControllerTest]
03:13:36.619 [Test worker] DEBUG org.springframework.test.annotation.ProfileValueUtils - Retrieved ProfileValueSource type [class org.springframework.test.annotation.SystemProfileValueSource] for class [com.kwangmin.book.springboot.web.HelloControllerTest]
03:13:36.623 [Test worker] DEBUG org.springframework.test.context.support.AbstractDirtiesContextTestExecutionListener - Before test class: context [DefaultTestContext@2af11951 testClass = HelloControllerTest, testInstance = [null], testMethod = [null], testException = [null], mergedContextConfiguration = [WebMergedContextConfiguration@52067ef7 testClass = HelloControllerTest, locations = '{}', classes = '{class com.kwangmin.book.springboot.Application}', contextInitializerClasses = '[]', activeProfiles = '{}', propertySourceLocations = '{}', propertySourceProperties = '{org.springframework.boot.test.autoconfigure.web.servlet.WebMvcTestContextBootstrapper=true}', contextCustomizers = set[org.springframework.boot.test.autoconfigure.OverrideAutoConfigurationContextCustomizerFactory$DisableAutoConfigurationContextCustomizer@6e77e3d0, org.springframework.boot.test.autoconfigure.filter.TypeExcludeFiltersContextCustomizer@f0d646a1, org.springframework.boot.test.autoconfigure.properties.PropertyMappingContextCustomizer@684882f, org.springframework.boot.test.autoconfigure.web.servlet.WebDriverContextCustomizerFactory$Customizer@260fbc4b, [ImportsContextCustomizer@4ac464b3 key = [org.springframework.boot.autoconfigure.cache.CacheAutoConfiguration, org.springframework.boot.autoconfigure.context.MessageSourceAutoConfiguration, org.springframework.boot.autoconfigure.data.web.SpringDataWebAutoConfiguration, org.springframework.boot.autoconfigure.freemarker.FreeMarkerAutoConfiguration, org.springframework.boot.autoconfigure.groovy.template.GroovyTemplateAutoConfiguration, org.springframework.boot.autoconfigure.gson.GsonAutoConfiguration, org.springframework.boot.autoconfigure.hateoas.HypermediaAutoConfiguration, org.springframework.boot.autoconfigure.http.HttpMessageConvertersAutoConfiguration, org.springframework.boot.autoconfigure.jackson.JacksonAutoConfiguration, org.springframework.boot.autoconfigure.jsonb.JsonbAutoConfiguration, org.springframework.boot.autoconfigure.mustache.MustacheAutoConfiguration, org.springframework.boot.autoconfigure.task.TaskExecutionAutoConfiguration, org.springframework.boot.autoconfigure.thymeleaf.ThymeleafAutoConfiguration, org.springframework.boot.autoconfigure.validation.ValidationAutoConfiguration, org.springframework.boot.autoconfigure.web.servlet.error.ErrorMvcAutoConfiguration, org.springframework.boot.autoconfigure.web.servlet.WebMvcAutoConfiguration, org.springframework.boot.test.autoconfigure.web.servlet.MockMvcAutoConfiguration, org.springframework.boot.test.autoconfigure.web.servlet.MockMvcSecurityAutoConfiguration, org.springframework.boot.test.autoconfigure.web.servlet.MockMvcWebClientAutoConfiguration, org.springframework.boot.test.autoconfigure.web.servlet.MockMvcWebDriverAutoConfiguration]], org.springframework.boot.test.context.filter.ExcludeFilterContextCustomizer@77fe648, org.springframework.boot.test.json.DuplicateJsonObjectContextCustomizerFactory$DuplicateJsonObjectContextCustomizer@4570c8ba, org.springframework.boot.test.mock.mockito.MockitoContextCustomizer@0], resourceBasePath = 'src/main/webapp', contextLoader = 'org.springframework.boot.test.context.SpringBootContextLoader', parent = [null]], attributes = map[[empty]]], class annotated with @DirtiesContext [false] with mode [null].
03:13:36.623 [Test worker] DEBUG org.springframework.test.annotation.ProfileValueUtils - Retrieved @ProfileValueSourceConfiguration [null] for test class [com.kwangmin.book.springboot.web.HelloControllerTest]
03:13:36.624 [Test worker] DEBUG org.springframework.test.annotation.ProfileValueUtils - Retrieved ProfileValueSource type [class org.springframework.test.annotation.SystemProfileValueSource] for class [com.kwangmin.book.springboot.web.HelloControllerTest]
03:13:36.628 [Test worker] DEBUG org.springframework.test.context.support.DependencyInjectionTestExecutionListener - Performing dependency injection for test context [[DefaultTestContext@2af11951 testClass = HelloControllerTest, testInstance = com.kwangmin.book.springboot.web.HelloControllerTest@3b684b61, testMethod = [null], testException = [null], mergedContextConfiguration = [WebMergedContextConfiguration@52067ef7 testClass = HelloControllerTest, locations = '{}', classes = '{class com.kwangmin.book.springboot.Application}', contextInitializerClasses = '[]', activeProfiles = '{}', propertySourceLocations = '{}', propertySourceProperties = '{org.springframework.boot.test.autoconfigure.web.servlet.WebMvcTestContextBootstrapper=true}', contextCustomizers = set[org.springframework.boot.test.autoconfigure.OverrideAutoConfigurationContextCustomizerFactory$DisableAutoConfigurationContextCustomizer@6e77e3d0, org.springframework.boot.test.autoconfigure.filter.TypeExcludeFiltersContextCustomizer@f0d646a1, org.springframework.boot.test.autoconfigure.properties.PropertyMappingContextCustomizer@684882f, org.springframework.boot.test.autoconfigure.web.servlet.WebDriverContextCustomizerFactory$Customizer@260fbc4b, [ImportsContextCustomizer@4ac464b3 key = [org.springframework.boot.autoconfigure.cache.CacheAutoConfiguration, org.springframework.boot.autoconfigure.context.MessageSourceAutoConfiguration, org.springframework.boot.autoconfigure.data.web.SpringDataWebAutoConfiguration, org.springframework.boot.autoconfigure.freemarker.FreeMarkerAutoConfiguration, org.springframework.boot.autoconfigure.groovy.template.GroovyTemplateAutoConfiguration, org.springframework.boot.autoconfigure.gson.GsonAutoConfiguration, org.springframework.boot.autoconfigure.hateoas.HypermediaAutoConfiguration, org.springframework.boot.autoconfigure.http.HttpMessageConvertersAutoConfiguration, org.springframework.boot.autoconfigure.jackson.JacksonAutoConfiguration, org.springframework.boot.autoconfigure.jsonb.JsonbAutoConfiguration, org.springframework.boot.autoconfigure.mustache.MustacheAutoConfiguration, org.springframework.boot.autoconfigure.task.TaskExecutionAutoConfiguration, org.springframework.boot.autoconfigure.thymeleaf.ThymeleafAutoConfiguration, org.springframework.boot.autoconfigure.validation.ValidationAutoConfiguration, org.springframework.boot.autoconfigure.web.servlet.error.ErrorMvcAutoConfiguration, org.springframework.boot.autoconfigure.web.servlet.WebMvcAutoConfiguration, org.springframework.boot.test.autoconfigure.web.servlet.MockMvcAutoConfiguration, org.springframework.boot.test.autoconfigure.web.servlet.MockMvcSecurityAutoConfiguration, org.springframework.boot.test.autoconfigure.web.servlet.MockMvcWebClientAutoConfiguration, org.springframework.boot.test.autoconfigure.web.servlet.MockMvcWebDriverAutoConfiguration]], org.springframework.boot.test.context.filter.ExcludeFilterContextCustomizer@77fe648, org.springframework.boot.test.json.DuplicateJsonObjectContextCustomizerFactory$DuplicateJsonObjectContextCustomizer@4570c8ba, org.springframework.boot.test.mock.mockito.MockitoContextCustomizer@0], resourceBasePath = 'src/main/webapp', contextLoader = 'org.springframework.boot.test.context.SpringBootContextLoader', parent = [null]], attributes = map[[empty]]]].
03:13:36.714 [Test worker] DEBUG org.springframework.test.context.support.TestPropertySourceUtils - Adding inlined properties to environment: {spring.jmx.enabled=false, org.springframework.boot.test.autoconfigure.web.servlet.WebMvcTestContextBootstrapper=true, server.port=-1}

  .   ____          _            __ _ _
 /\\ / ___'_ __ _ _(_)_ __  __ _ \ \ \ \
( ( )\___ | '_ | '_| | '_ \/ _` | \ \ \ \
 \\/  ___)| |_)| | | | | || (_| |  ) ) ) )
  '  |____| .__|_| |_|_| |_\__, | / / / /
 =========|_|==============|___/=/_/_/_/
 :: Spring Boot ::        (v2.1.7.RELEASE)

2020-12-04 03:13:41.932  INFO 8773 --- [    Test worker] c.k.b.s.web.HelloControllerTest          : Starting HelloControllerTest on gimgwangmin-ui-MacBookPro.local with PID 8773 (started by kwangmin in /Users/kwangmin/IdeaProjects/springboot-webservice)
2020-12-04 03:13:41.934  INFO 8773 --- [    Test worker] c.k.b.s.web.HelloControllerTest          : No active profile set, falling back to default profiles: default
2020-12-04 03:13:42.794  INFO 8773 --- [    Test worker] o.s.s.concurrent.ThreadPoolTaskExecutor  : Initializing ExecutorService 'applicationTaskExecutor'
2020-12-04 03:13:42.868  INFO 8773 --- [    Test worker] o.s.b.a.w.s.WelcomePageHandlerMapping    : Adding welcome page template: index
2020-12-04 03:13:43.082  INFO 8773 --- [    Test worker] .s.s.UserDetailsServiceAutoConfiguration : 

Using generated security password: 5fc36102-8ef6-4573-9fdc-e87af4c3a264

2020-12-04 03:13:43.209  INFO 8773 --- [    Test worker] o.s.s.web.DefaultSecurityFilterChain     : Creating filter chain: any request, [org.springframework.security.web.context.request.async.WebAsyncManagerIntegrationFilter@e523f1e, org.springframework.security.web.context.SecurityContextPersistenceFilter@345f27fd, org.springframework.security.web.header.HeaderWriterFilter@36413de5, org.springframework.security.web.csrf.CsrfFilter@1b04980a, org.springframework.security.web.authentication.logout.LogoutFilter@5f1c7401, org.springframework.security.web.authentication.UsernamePasswordAuthenticationFilter@57b5590, org.springframework.security.web.authentication.ui.DefaultLoginPageGeneratingFilter@646cfca, org.springframework.security.web.authentication.ui.DefaultLogoutPageGeneratingFilter@7cdc0a3b, org.springframework.security.web.authentication.www.BasicAuthenticationFilter@6b2f8882, org.springframework.security.web.savedrequest.RequestCacheAwareFilter@6f9819a4, org.springframework.security.web.servletapi.SecurityContextHolderAwareRequestFilter@206e335b, org.springframework.security.web.authentication.AnonymousAuthenticationFilter@7edf04a2, org.springframework.security.web.session.SessionManagementFilter@7c8bf100, org.springframework.security.web.access.ExceptionTranslationFilter@6f73aeee, org.springframework.security.web.access.intercept.FilterSecurityInterceptor@1926a9be]
2020-12-04 03:13:43.239  INFO 8773 --- [    Test worker] o.s.b.t.m.w.SpringBootMockServletContext : Initializing Spring TestDispatcherServlet ''
2020-12-04 03:13:43.240  INFO 8773 --- [    Test worker] o.s.t.web.servlet.TestDispatcherServlet  : Initializing Servlet ''
2020-12-04 03:13:43.248  INFO 8773 --- [    Test worker] o.s.t.web.servlet.TestDispatcherServlet  : Completed initialization in 8 ms
2020-12-04 03:13:43.285  INFO 8773 --- [    Test worker] c.k.b.s.web.HelloControllerTest          : Started HelloControllerTest in 6.562 seconds (JVM running for 7.393)
]]></system-out>
  <system-err><![CDATA[]]></system-err>
</testsuite>
