<?xml version="1.0" encoding="UTF-8"?>
<testsuite name="com.kwangmin.book.springboot.domain.posts.PostsRepositoryTest" tests="1" skipped="0" failures="0" errors="0" timestamp="2020-08-13T14:24:22" hostname="gimgwangmin-ui-MacBookPro.local" time="0.281">
  <properties/>
  <testcase name="BaseTimeEntity_등록" classname="com.kwangmin.book.springboot.domain.posts.PostsRepositoryTest" time="0.281"/>
  <system-out><![CDATA[23:24:14.069 [Test worker] DEBUG org.springframework.test.context.junit4.SpringJUnit4ClassRunner - SpringJUnit4ClassRunner constructor called with [class com.kwangmin.book.springboot.domain.posts.PostsRepositoryTest]
23:24:14.076 [Test worker] DEBUG org.springframework.test.context.BootstrapUtils - Instantiating CacheAwareContextLoaderDelegate from class [org.springframework.test.context.cache.DefaultCacheAwareContextLoaderDelegate]
23:24:14.081 [Test worker] DEBUG org.springframework.test.context.BootstrapUtils - Instantiating BootstrapContext using constructor [public org.springframework.test.context.support.DefaultBootstrapContext(java.lang.Class,org.springframework.test.context.CacheAwareContextLoaderDelegate)]
23:24:14.092 [Test worker] DEBUG org.springframework.test.context.BootstrapUtils - Instantiating TestContextBootstrapper for test class [com.kwangmin.book.springboot.domain.posts.PostsRepositoryTest] from class [org.springframework.boot.test.context.SpringBootTestContextBootstrapper]
23:24:14.099 [Test worker] INFO org.springframework.boot.test.context.SpringBootTestContextBootstrapper - Neither @ContextConfiguration nor @ContextHierarchy found for test class [com.kwangmin.book.springboot.domain.posts.PostsRepositoryTest], using SpringBootContextLoader
23:24:14.101 [Test worker] DEBUG org.springframework.test.context.support.AbstractContextLoader - Did not detect default resource location for test class [com.kwangmin.book.springboot.domain.posts.PostsRepositoryTest]: class path resource [com/kwangmin/book/springboot/domain/posts/PostsRepositoryTest-context.xml] does not exist
23:24:14.101 [Test worker] DEBUG org.springframework.test.context.support.AbstractContextLoader - Did not detect default resource location for test class [com.kwangmin.book.springboot.domain.posts.PostsRepositoryTest]: class path resource [com/kwangmin/book/springboot/domain/posts/PostsRepositoryTestContext.groovy] does not exist
23:24:14.101 [Test worker] INFO org.springframework.test.context.support.AbstractContextLoader - Could not detect default resource locations for test class [com.kwangmin.book.springboot.domain.posts.PostsRepositoryTest]: no resource found for suffixes {-context.xml, Context.groovy}.
23:24:14.102 [Test worker] INFO org.springframework.test.context.support.AnnotationConfigContextLoaderUtils - Could not detect default configuration classes for test class [com.kwangmin.book.springboot.domain.posts.PostsRepositoryTest]: PostsRepositoryTest does not declare any static, non-private, non-final, nested classes annotated with @Configuration.
23:24:14.129 [Test worker] DEBUG org.springframework.test.context.support.ActiveProfilesUtils - Could not find an 'annotation declaring class' for annotation type [org.springframework.test.context.ActiveProfiles] and class [com.kwangmin.book.springboot.domain.posts.PostsRepositoryTest]
23:24:14.185 [Test worker] DEBUG org.springframework.context.annotation.ClassPathScanningCandidateComponentProvider - Identified candidate component class: file [/Users/kwangmin/IdeaProjects/SpringBoot Study/build/classes/java/main/com/kwangmin/book/springboot/Application.class]
23:24:14.186 [Test worker] INFO org.springframework.boot.test.context.SpringBootTestContextBootstrapper - Found @SpringBootConfiguration com.kwangmin.book.springboot.Application for test class com.kwangmin.book.springboot.domain.posts.PostsRepositoryTest
23:24:14.258 [Test worker] DEBUG org.springframework.boot.test.context.SpringBootTestContextBootstrapper - @TestExecutionListeners is not present for class [com.kwangmin.book.springboot.domain.posts.PostsRepositoryTest]: using defaults.
23:24:14.258 [Test worker] INFO org.springframework.boot.test.context.SpringBootTestContextBootstrapper - Loaded default TestExecutionListener class names from location [META-INF/spring.factories]: [org.springframework.boot.test.autoconfigure.restdocs.RestDocsTestExecutionListener, org.springframework.boot.test.autoconfigure.web.client.MockRestServiceServerResetTestExecutionListener, org.springframework.boot.test.autoconfigure.web.servlet.MockMvcPrintOnlyOnFailureTestExecutionListener, org.springframework.boot.test.autoconfigure.web.servlet.WebDriverTestExecutionListener, org.springframework.boot.test.mock.mockito.MockitoTestExecutionListener, org.springframework.boot.test.mock.mockito.ResetMocksTestExecutionListener, org.springframework.test.context.web.ServletTestExecutionListener, org.springframework.test.context.support.DirtiesContextBeforeModesTestExecutionListener, org.springframework.test.context.support.DependencyInjectionTestExecutionListener, org.springframework.test.context.support.DirtiesContextTestExecutionListener, org.springframework.test.context.transaction.TransactionalTestExecutionListener, org.springframework.test.context.jdbc.SqlScriptsTestExecutionListener]
23:24:14.269 [Test worker] INFO org.springframework.boot.test.context.SpringBootTestContextBootstrapper - Using TestExecutionListeners: [org.springframework.test.context.web.ServletTestExecutionListener@1926bf35, org.springframework.test.context.support.DirtiesContextBeforeModesTestExecutionListener@28347a74, org.springframework.boot.test.mock.mockito.MockitoTestExecutionListener@29aaca7e, org.springframework.boot.test.autoconfigure.SpringBootDependencyInjectionTestExecutionListener@7ecb0017, org.springframework.test.context.support.DirtiesContextTestExecutionListener@5238d7ec, org.springframework.test.context.transaction.TransactionalTestExecutionListener@5954f005, org.springframework.test.context.jdbc.SqlScriptsTestExecutionListener@26d2386b, org.springframework.boot.test.autoconfigure.restdocs.RestDocsTestExecutionListener@bf4f1e, org.springframework.boot.test.autoconfigure.web.client.MockRestServiceServerResetTestExecutionListener@142c6f52, org.springframework.boot.test.autoconfigure.web.servlet.MockMvcPrintOnlyOnFailureTestExecutionListener@6a06710a, org.springframework.boot.test.autoconfigure.web.servlet.WebDriverTestExecutionListener@5da00d41, org.springframework.boot.test.mock.mockito.ResetMocksTestExecutionListener@271d6e54]
23:24:14.273 [Test worker] DEBUG org.springframework.test.annotation.ProfileValueUtils - Retrieved @ProfileValueSourceConfiguration [null] for test class [com.kwangmin.book.springboot.domain.posts.PostsRepositoryTest]
23:24:14.274 [Test worker] DEBUG org.springframework.test.annotation.ProfileValueUtils - Retrieved ProfileValueSource type [class org.springframework.test.annotation.SystemProfileValueSource] for class [com.kwangmin.book.springboot.domain.posts.PostsRepositoryTest]
23:24:14.277 [Test worker] DEBUG org.springframework.test.annotation.ProfileValueUtils - Retrieved @ProfileValueSourceConfiguration [null] for test class [com.kwangmin.book.springboot.domain.posts.PostsRepositoryTest]
23:24:14.277 [Test worker] DEBUG org.springframework.test.annotation.ProfileValueUtils - Retrieved ProfileValueSource type [class org.springframework.test.annotation.SystemProfileValueSource] for class [com.kwangmin.book.springboot.domain.posts.PostsRepositoryTest]
23:24:14.278 [Test worker] DEBUG org.springframework.test.annotation.ProfileValueUtils - Retrieved @ProfileValueSourceConfiguration [null] for test class [com.kwangmin.book.springboot.domain.posts.PostsRepositoryTest]
23:24:14.278 [Test worker] DEBUG org.springframework.test.annotation.ProfileValueUtils - Retrieved ProfileValueSource type [class org.springframework.test.annotation.SystemProfileValueSource] for class [com.kwangmin.book.springboot.domain.posts.PostsRepositoryTest]
23:24:14.281 [Test worker] DEBUG org.springframework.test.context.support.AbstractDirtiesContextTestExecutionListener - Before test class: context [DefaultTestContext@5325f72 testClass = PostsRepositoryTest, testInstance = [null], testMethod = [null], testException = [null], mergedContextConfiguration = [WebMergedContextConfiguration@5964aa0f testClass = PostsRepositoryTest, locations = '{}', classes = '{class com.kwangmin.book.springboot.Application}', contextInitializerClasses = '[]', activeProfiles = '{}', propertySourceLocations = '{}', propertySourceProperties = '{org.springframework.boot.test.context.SpringBootTestContextBootstrapper=true}', contextCustomizers = set[org.springframework.boot.test.autoconfigure.properties.PropertyMappingContextCustomizer@0, org.springframework.boot.test.autoconfigure.web.servlet.WebDriverContextCustomizerFactory$Customizer@7379b614, org.springframework.boot.test.context.filter.ExcludeFilterContextCustomizer@66ace24c, org.springframework.boot.test.json.DuplicateJsonObjectContextCustomizerFactory$DuplicateJsonObjectContextCustomizer@5ed13cee, org.springframework.boot.test.mock.mockito.MockitoContextCustomizer@0, org.springframework.boot.test.web.client.TestRestTemplateContextCustomizer@15707964], resourceBasePath = 'src/main/webapp', contextLoader = 'org.springframework.boot.test.context.SpringBootContextLoader', parent = [null]], attributes = map['org.springframework.test.context.web.ServletTestExecutionListener.activateListener' -> true]], class annotated with @DirtiesContext [false] with mode [null].
23:24:14.282 [Test worker] DEBUG org.springframework.test.annotation.ProfileValueUtils - Retrieved @ProfileValueSourceConfiguration [null] for test class [com.kwangmin.book.springboot.domain.posts.PostsRepositoryTest]
23:24:14.282 [Test worker] DEBUG org.springframework.test.annotation.ProfileValueUtils - Retrieved ProfileValueSource type [class org.springframework.test.annotation.SystemProfileValueSource] for class [com.kwangmin.book.springboot.domain.posts.PostsRepositoryTest]
23:24:14.297 [Test worker] DEBUG org.springframework.test.context.support.TestPropertySourceUtils - Adding inlined properties to environment: {spring.jmx.enabled=false, org.springframework.boot.test.context.SpringBootTestContextBootstrapper=true, server.port=-1}

  .   ____          _            __ _ _
 /\\ / ___'_ __ _ _(_)_ __  __ _ \ \ \ \
( ( )\___ | '_ | '_| | '_ \/ _` | \ \ \ \
 \\/  ___)| |_)| | | | | || (_| |  ) ) ) )
  '  |____| .__|_| |_|_| |_\__, | / / / /
 =========|_|==============|___/=/_/_/_/
 :: Spring Boot ::        (v2.1.7.RELEASE)

2020-08-13 23:24:19.475  INFO 28114 --- [    Test worker] c.k.b.s.d.posts.PostsRepositoryTest      : Starting PostsRepositoryTest on gimgwangmin-ui-MacBookPro.local with PID 28114 (started by kwangmin in /Users/kwangmin/IdeaProjects/SpringBoot Study)
2020-08-13 23:24:19.476  INFO 28114 --- [    Test worker] c.k.b.s.d.posts.PostsRepositoryTest      : No active profile set, falling back to default profiles: default
2020-08-13 23:24:19.869  INFO 28114 --- [    Test worker] .s.d.r.c.RepositoryConfigurationDelegate : Bootstrapping Spring Data repositories in DEFAULT mode.
2020-08-13 23:24:19.919  INFO 28114 --- [    Test worker] .s.d.r.c.RepositoryConfigurationDelegate : Finished Spring Data repository scanning in 38ms. Found 1 repository interfaces.
2020-08-13 23:24:20.183  INFO 28114 --- [    Test worker] trationDelegate$BeanPostProcessorChecker : Bean 'org.springframework.transaction.annotation.ProxyTransactionManagementConfiguration' of type [org.springframework.transaction.annotation.ProxyTransactionManagementConfiguration$$EnhancerBySpringCGLIB$$1dc632a3] is not eligible for getting processed by all BeanPostProcessors (for example: not eligible for auto-proxying)
2020-08-13 23:24:20.344  INFO 28114 --- [    Test worker] com.zaxxer.hikari.HikariDataSource       : HikariPool-1 - Starting...
2020-08-13 23:24:20.457  INFO 28114 --- [    Test worker] com.zaxxer.hikari.HikariDataSource       : HikariPool-1 - Start completed.
2020-08-13 23:24:20.526  INFO 28114 --- [    Test worker] o.hibernate.jpa.internal.util.LogHelper  : HHH000204: Processing PersistenceUnitInfo [
	name: default
	...]
2020-08-13 23:24:20.579  INFO 28114 --- [    Test worker] org.hibernate.Version                    : HHH000412: Hibernate Core {5.3.10.Final}
2020-08-13 23:24:20.580  INFO 28114 --- [    Test worker] org.hibernate.cfg.Environment            : HHH000206: hibernate.properties not found
2020-08-13 23:24:20.708  INFO 28114 --- [    Test worker] o.hibernate.annotations.common.Version   : HCANN000001: Hibernate Commons Annotations {5.0.4.Final}
2020-08-13 23:24:20.819  INFO 28114 --- [    Test worker] org.hibernate.dialect.Dialect            : HHH000400: Using dialect: org.hibernate.dialect.MySQL5InnoDBDialect
Hibernate: drop table if exists posts
Hibernate: create table posts (id bigint not null auto_increment, created_date datetime, modified_date datetime, author varchar(255), content TEXT not null, title varchar(500) not null, primary key (id)) engine=InnoDB
2020-08-13 23:24:21.319  INFO 28114 --- [    Test worker] o.h.t.schema.internal.SchemaCreatorImpl  : HHH000476: Executing import script 'org.hibernate.tool.schema.internal.exec.ScriptSourceInputNonExistentImpl@13afb26b'
2020-08-13 23:24:21.321  INFO 28114 --- [    Test worker] j.LocalContainerEntityManagerFactoryBean : Initialized JPA EntityManagerFactory for persistence unit 'default'
2020-08-13 23:24:21.938  INFO 28114 --- [    Test worker] o.s.s.concurrent.ThreadPoolTaskExecutor  : Initializing ExecutorService 'applicationTaskExecutor'
2020-08-13 23:24:21.975  WARN 28114 --- [    Test worker] aWebConfiguration$JpaWebMvcConfiguration : spring.jpa.open-in-view is enabled by default. Therefore, database queries may be performed during view rendering. Explicitly configure spring.jpa.open-in-view to disable this warning
2020-08-13 23:24:22.207  INFO 28114 --- [    Test worker] c.k.b.s.d.posts.PostsRepositoryTest      : Started PostsRepositoryTest in 7.904 seconds (JVM running for 8.614)
Hibernate: insert into posts (created_date, modified_date, author, content, title) values (?, ?, ?, ?, ?)
2020-08-13 23:24:22.371  INFO 28114 --- [    Test worker] o.h.h.i.QueryTranslatorFactoryInitiator  : HHH000397: Using ASTQueryTranslatorFactory
Hibernate: select posts0_.id as id1_0_, posts0_.created_date as created_2_0_, posts0_.modified_date as modified3_0_, posts0_.author as author4_0_, posts0_.content as content5_0_, posts0_.title as title6_0_ from posts posts0_
2020-08-13 23:24:22.448  INFO 28114 --- [    Test worker] c.k.b.s.d.posts.PostsRepositoryTest      : >>>>>> createDate 2020-08-13T23:24:22.312061
2020-08-13 23:24:22.449  INFO 28114 --- [    Test worker] c.k.b.s.d.posts.PostsRepositoryTest      : >>>>>> modifiedDate= 2020-08-13T23:24:22.312061
Hibernate: select posts0_.id as id1_0_, posts0_.created_date as created_2_0_, posts0_.modified_date as modified3_0_, posts0_.author as author4_0_, posts0_.content as content5_0_, posts0_.title as title6_0_ from posts posts0_
Hibernate: delete from posts where id=?
]]></system-out>
  <system-err><![CDATA[]]></system-err>
</testsuite>
